2025-05-09 15:05:46,535 ERROR frappe New Exception collected in error log
Site: task.local
Form Dict: {'doctype': 'DocType', 'cmd': 'frappe.desk.listview.get_list_settings'}
2025-05-09 18:22:04,444 ERROR frappe New Exception collected in error log
Site: task.local
Form Dict: {'docs': '{"name":"Customize Form","grid_page_length":50,"istable":0,"is_calendar_and_gantt":0,"editable_grid":0,"quick_entry":0,"track_changes":0,"track_views":0,"allow_auto_repeat":0,"allow_import":0,"queue_in_background":0,"naming_rule":"","max_attachments":0,"allow_copy":0,"make_attachments_public":0,"protect_attached_files":0,"show_title_field_in_link":0,"translated_doctype":0,"force_re_route_to_default_view":0,"show_preview_popup":0,"email_append_to":0,"sort_order":"DESC","doctype":"Customize Form","actions":[],"links":[],"states":[],"fields":[{"name":"a8grojk04p","docstatus":0,"idx":1,"is_system_generated":0,"label":"task manager detail","fieldtype":"Section Break","fieldname":"task_manager_detail_section","non_negative":0,"reqd":0,"unique":0,"is_virtual":0,"in_list_view":0,"in_standard_filter":0,"in_global_search":0,"in_preview":0,"bold":0,"no_copy":0,"allow_in_quick_entry":0,"translatable":0,"precision":"","length":0,"sort_options":0,"fetch_if_empty":0,"show_dashboard":0,"permlevel":0,"hidden":0,"read_only":0,"collapsible":0,"allow_bulk_edit":0,"ignore_user_permissions":0,"allow_on_submit":0,"report_hide":0,"remember_last_selected_value":0,"hide_border":0,"ignore_xss_filter":0,"in_filter":0,"hide_seconds":0,"hide_days":0,"print_hide":0,"print_hide_if_no_value":0,"columns":0,"is_custom_field":0,"parent":"Customize Form","parentfield":"fields","parenttype":"Customize Form","doctype":"Customize Form Field"},{"name":"a8gtprljs2","docstatus":0,"idx":2,"is_system_generated":0,"label":"Title","fieldtype":"Data","fieldname":"title","non_negative":0,"reqd":0,"unique":0,"is_virtual":0,"in_list_view":0,"in_standard_filter":0,"in_global_search":0,"in_preview":0,"bold":0,"no_copy":0,"allow_in_quick_entry":0,"translatable":0,"precision":"","length":0,"sort_options":0,"fetch_if_empty":0,"show_dashboard":0,"permlevel":0,"hidden":0,"read_only":0,"collapsible":0,"allow_bulk_edit":0,"ignore_user_permissions":0,"allow_on_submit":0,"report_hide":0,"remember_last_selected_value":0,"hide_border":0,"ignore_xss_filter":0,"in_filter":0,"hide_seconds":0,"hide_days":0,"print_hide":0,"print_hide_if_no_value":0,"columns":0,"is_custom_field":0,"parent":"Customize Form","parentfield":"fields","parenttype":"Customize Form","doctype":"Customize Form Field"},{"name":"a8gp8lmgpp","docstatus":0,"idx":3,"is_system_generated":0,"label":"Description","fieldtype":"Text","fieldname":"description","non_negative":0,"reqd":0,"unique":0,"is_virtual":0,"in_list_view":0,"in_standard_filter":0,"in_global_search":0,"in_preview":0,"bold":0,"no_copy":0,"allow_in_quick_entry":0,"translatable":0,"precision":"","length":0,"sort_options":0,"fetch_if_empty":0,"show_dashboard":0,"permlevel":0,"hidden":0,"read_only":0,"collapsible":0,"allow_bulk_edit":0,"ignore_user_permissions":0,"allow_on_submit":0,"report_hide":0,"remember_last_selected_value":0,"hide_border":0,"ignore_xss_filter":0,"in_filter":0,"hide_seconds":0,"hide_days":0,"print_hide":0,"print_hide_if_no_value":0,"columns":0,"is_custom_field":0,"parent":"Customize Form","parentfield":"fields","parenttype":"Customize Form","doctype":"Customize Form Field"},{"name":"a8g251nkmq","docstatus":0,"idx":4,"is_system_generated":0,"label":"Status","fieldtype":"Select","fieldname":"status","non_negative":0,"reqd":0,"unique":0,"is_virtual":0,"in_list_view":0,"in_standard_filter":0,"in_global_search":0,"in_preview":0,"bold":0,"no_copy":0,"allow_in_quick_entry":0,"translatable":0,"precision":"","length":0,"sort_options":0,"fetch_if_empty":0,"show_dashboard":0,"permlevel":0,"hidden":0,"read_only":0,"collapsible":0,"allow_bulk_edit":0,"ignore_user_permissions":0,"allow_on_submit":0,"report_hide":0,"remember_last_selected_value":0,"hide_border":0,"ignore_xss_filter":0,"in_filter":0,"hide_seconds":0,"hide_days":0,"print_hide":0,"print_hide_if_no_value":0,"columns":0,"is_custom_field":0,"parent":"Customize Form","parentfield":"fields","parenttype":"Customize Form","doctype":"Customize Form Field","options":"In process"},{"name":"a8gfro25cr","docstatus":0,"idx":5,"is_system_generated":0,"label":"Due_date","fieldtype":"Date","fieldname":"due_date","non_negative":0,"reqd":0,"unique":0,"is_virtual":0,"in_list_view":0,"in_standard_filter":0,"in_global_search":0,"in_preview":0,"bold":0,"no_copy":0,"allow_in_quick_entry":0,"translatable":0,"precision":"","length":0,"sort_options":0,"fetch_if_empty":0,"show_dashboard":0,"permlevel":0,"hidden":0,"read_only":0,"collapsible":0,"allow_bulk_edit":0,"ignore_user_permissions":0,"allow_on_submit":0,"report_hide":0,"remember_last_selected_value":0,"hide_border":0,"ignore_xss_filter":0,"in_filter":0,"hide_seconds":0,"hide_days":0,"print_hide":0,"print_hide_if_no_value":0,"columns":0,"is_custom_field":0,"parent":"Customize Form","parentfield":"fields","parenttype":"Customize Form","doctype":"Customize Form Field"}],"doc_type":"Task Doctype","__unsaved":1,"label":"","sort_field":"creation","search_fields":"Stus"}', 'method': 'save_customization', 'cmd': 'run_doc_method'}
2025-05-09 18:31:13,643 ERROR frappe New Exception collected in error log
Site: task.local
Form Dict: {'name': 'home', 'cmd': 'frappe.desk.desk_page.getpage'}
2025-05-09 18:31:14,285 ERROR frappe New Exception collected in error log
Site: task.local
Form Dict: {'name': 'home', 'cmd': 'frappe.desk.desk_page.getpage'}
2025-05-09 18:42:46,484 ERROR frappe New Exception collected in error log
Site: task.local
Form Dict: {'doc': '{"docstatus":0,"doctype":"Server Script","name":"new-server-script-xfytoxyeto","__islocal":1,"__unsaved":1,"owner":"Administrator","script_type":"DocType Event","event_frequency":"All","doctype_event":"Before Save","allow_guest":0,"disabled":0,"enable_rate_limit":0,"rate_limit_count":5,"rate_limit_seconds":86400,"__newname":"Task Server Script","reference_doctype":"Task Doctype","module":"TaskManager Module","script":"from frappe import frappe.utils.now_datetime\\nif title == \\"\\":\\n    frappe.throw(\\"Title must be required\\")\\n    \\nif due_date > frappe.utils.now_datetime:\\n    frappe.throw(\\"date must be future date\\")\\n"}', 'action': 'Save', 'cmd': 'frappe.desk.form.save.savedocs'}
2025-05-09 18:43:22,374 ERROR frappe New Exception collected in error log
Site: task.local
Form Dict: {'doc': '{"docstatus":0,"doctype":"Task Doctype","name":"new-task-doctype-wrqtxosgea","__islocal":1,"__unsaved":1,"owner":"Administrator","custom_task_status":"Not Started","description":"yup","due_date":"2025-03-31"}', 'action': 'Save', 'cmd': 'frappe.desk.form.save.savedocs'}
2025-05-09 18:44:27,762 ERROR frappe New Exception collected in error log
Site: task.local
Form Dict: {'doc': '{"docstatus":0,"doctype":"Task Doctype","name":"new-task-doctype-wrqtxosgea","__islocal":1,"__unsaved":1,"owner":"Administrator","custom_task_status":"Not Started","description":"yup","due_date":"2025-03-31"}', 'action': 'Save', 'cmd': 'frappe.desk.form.save.savedocs'}
2025-05-09 18:45:42,425 ERROR frappe New Exception collected in error log
Site: task.local
Form Dict: {'doc': '{"docstatus":0,"doctype":"Task Doctype","name":"new-task-doctype-wrqtxosgea","__islocal":1,"__unsaved":1,"owner":"Administrator","custom_task_status":"Not Started","description":"yup","due_date":"2025-03-31"}', 'action': 'Save', 'cmd': 'frappe.desk.form.save.savedocs'}
2025-05-09 18:47:35,585 ERROR frappe New Exception collected in error log
Site: task.local
Form Dict: {'doc': '{"docstatus":0,"doctype":"Task Doctype","name":"new-task-doctype-eiuoyykiwq","__islocal":1,"__unsaved":1,"owner":"Administrator","custom_task_status":"In Progress","description":"dfgfg","due_date":"2025-02-24"}', 'action': 'Save', 'cmd': 'frappe.desk.form.save.savedocs'}
2025-05-09 18:51:27,910 ERROR frappe New Exception collected in error log
Site: task.local
Form Dict: {'doc': '{"docstatus":0,"doctype":"Task Doctype","name":"new-task-doctype-eiuoyykiwq","__islocal":1,"__unsaved":1,"owner":"Administrator","custom_task_status":"In Progress","description":"dfgfg","due_date":"2025-02-24"}', 'action': 'Save', 'cmd': 'frappe.desk.form.save.savedocs'}
2025-05-09 18:57:44,587 ERROR frappe New Exception collected in error log
Site: task.local
Form Dict: {'doc': '{"docstatus":0,"doctype":"Task Doctype","name":"new-task-doctype-eiuoyykiwq","__islocal":1,"__unsaved":1,"owner":"Administrator","custom_task_status":"In Progress","description":"dfgfg","due_date":"2025-02-24"}', 'action': 'Save', 'cmd': 'frappe.desk.form.save.savedocs'}
2025-05-09 19:00:00,943 ERROR frappe New Exception collected in error log
Site: task.local
Form Dict: {'doc': '{"docstatus":0,"doctype":"Task Doctype","name":"new-task-doctype-eiuoyykiwq","__islocal":1,"__unsaved":1,"owner":"Administrator","custom_task_status":"In Progress","description":"dfgfg","due_date":"2025-02-24"}', 'action': 'Save', 'cmd': 'frappe.desk.form.save.savedocs'}
2025-05-09 19:00:13,036 ERROR frappe New Exception collected in error log
Site: task.local
Form Dict: {'doc': '{"docstatus":0,"doctype":"Task Doctype","name":"new-task-doctype-eiuoyykiwq","__islocal":1,"__unsaved":1,"owner":"Administrator","custom_task_status":"In Progress","description":"dfgfg","due_date":"2025-02-24"}', 'action': 'Save', 'cmd': 'frappe.desk.form.save.savedocs'}
2025-05-09 19:02:26,958 ERROR frappe New Exception collected in error log
Site: task.local
Form Dict: {'doc': '{"docstatus":0,"doctype":"Task Doctype","name":"new-task-doctype-eiuoyykiwq","__islocal":1,"__unsaved":1,"owner":"Administrator","custom_task_status":"In Progress","description":"dfgfg","due_date":"2025-02-24"}', 'action': 'Save', 'cmd': 'frappe.desk.form.save.savedocs'}
2025-05-09 19:03:33,112 ERROR frappe New Exception collected in error log
Site: task.local
Form Dict: {'doc': '{"docstatus":0,"doctype":"Task Doctype","name":"new-task-doctype-eiuoyykiwq","__islocal":1,"__unsaved":1,"owner":"Administrator","custom_task_status":"In Progress","description":"dfgfg","due_date":"2025-02-24"}', 'action': 'Save', 'cmd': 'frappe.desk.form.save.savedocs'}
2025-05-09 19:04:27,696 ERROR frappe New Exception collected in error log
Site: task.local
Form Dict: {'doc': '{"docstatus":0,"doctype":"Task Doctype","name":"new-task-doctype-eiuoyykiwq","__islocal":1,"__unsaved":1,"owner":"Administrator","custom_task_status":"In Progress","description":"dfgfg","due_date":"2025-02-24"}', 'action': 'Save', 'cmd': 'frappe.desk.form.save.savedocs'}
2025-05-09 22:23:54,786 ERROR frappe New Exception collected in error log
Site: task.local
Form Dict: {'doc': '{"docstatus":0,"doctype":"Task Doctype","name":"new-task-doctype-eiuoyykiwq","__islocal":1,"__unsaved":1,"owner":"Administrator","custom_task_status":"In Progress","description":"dfgfg","due_date":"2025-02-24"}', 'action': 'Save', 'cmd': 'frappe.desk.form.save.savedocs'}
2025-05-09 22:24:19,003 ERROR frappe New Exception collected in error log
Site: task.local
Form Dict: {'doc': '{"docstatus":0,"doctype":"Task Doctype","name":"new-task-doctype-eiuoyykiwq","__islocal":1,"__unsaved":1,"owner":"Administrator","custom_task_status":"In Progress","description":"dfgfg","due_date":"2025-02-24"}', 'action': 'Save', 'cmd': 'frappe.desk.form.save.savedocs'}
2025-05-09 22:24:33,356 ERROR frappe New Exception collected in error log
Site: task.local
Form Dict: {'doc': '{"docstatus":0,"doctype":"Task Doctype","name":"new-task-doctype-eiuoyykiwq","__islocal":1,"__unsaved":1,"owner":"Administrator","custom_task_status":"In Progress","description":"dfgfg","due_date":"2025-02-24"}', 'action': 'Save', 'cmd': 'frappe.desk.form.save.savedocs'}
2025-05-09 22:24:52,433 ERROR frappe New Exception collected in error log
Site: task.local
Form Dict: {'doc': '{"docstatus":0,"doctype":"Task Doctype","name":"new-task-doctype-eiuoyykiwq","__islocal":1,"__unsaved":1,"owner":"Administrator","custom_task_status":"In Progress","description":"dfgfg","due_date":"2025-02-24"}', 'action': 'Save', 'cmd': 'frappe.desk.form.save.savedocs'}
2025-05-09 22:25:56,028 ERROR frappe New Exception collected in error log
Site: task.local
Form Dict: {'doc': '{"docstatus":0,"doctype":"Task Doctype","name":"new-task-doctype-eiuoyykiwq","__islocal":1,"__unsaved":1,"owner":"Administrator","custom_task_status":"In Progress","description":"dfgfg","due_date":"2025-05-06","title":"Title 2"}', 'action': 'Save', 'cmd': 'frappe.desk.form.save.savedocs'}
2025-05-09 22:27:03,702 ERROR frappe New Exception collected in error log
Site: task.local
Form Dict: {'args': '{"document_type":"Task Doctype","filters_json":"[]"}', 'cmd': 'frappe.desk.doctype.number_card.number_card.create_number_card'}
